2025-05-11 21:38:40 [error]: Error retrieving todos: Unknown column 'deletedAt' in 'field list'
2025-05-11 21:38:40 [error]: Error retrieving todos: Unknown column 'deletedAt' in 'field list'
2025-05-11 21:38:42 [error]: Error retrieving todos: Unknown column 'deletedAt' in 'field list'
2025-05-11 21:38:42 [error]: Error retrieving todos: Unknown column 'deletedAt' in 'field list'
2025-05-11 21:38:43 [error]: Error retrieving posts: Unknown column 'deletedAt' in 'field list'
2025-05-11 21:38:43 [error]: Error retrieving posts: Unknown column 'deletedAt' in 'field list'
2025-05-11 21:38:44 [error]: Error retrieving posts: Unknown column 'deletedAt' in 'field list'
2025-05-11 21:38:44 [error]: Error retrieving posts: Unknown column 'deletedAt' in 'field list'
2025-05-11 21:39:07 [error]: Error retrieving posts: Unknown column 'deletedAt' in 'field list'
2025-05-11 21:39:11 [error]: Error retrieving posts: Unknown column 'deletedAt' in 'field list'
2025-05-11 21:39:27 [error]: Error retrieving posts: Unknown column 'deletedAt' in 'field list'
2025-05-11 21:39:28 [error]: Error retrieving posts: Unknown column 'deletedAt' in 'field list'
2025-05-11 21:39:36 [error]: Error retrieving posts: Unknown column 'deletedAt' in 'field list'
2025-05-11 21:40:14 [error]: Error retrieving posts: Unknown column 'deletedAt' in 'field list'
2025-05-11 21:40:15 [error]: Error retrieving posts: Unknown column 'deletedAt' in 'field list'
2025-05-11 21:40:45 [error]: Error retrieving all posts: Unknown column 'deletedAt' in 'field list'
2025-05-11 21:41:17 [error]: Error retrieving posts: Unknown column 'deletedAt' in 'field list'
2025-05-11 21:41:17 [error]: Error retrieving posts: Unknown column 'deletedAt' in 'field list'
2025-05-11 21:41:55 [error]: Error retrieving posts: Unknown column 'deletedAt' in 'field list'
2025-05-11 21:42:23 [error]: Error retrieving all posts: Unknown column 'deletedAt' in 'field list'
2025-05-11 21:44:24 [error]: Error retrieving all posts: Unknown column 'deletedAt' in 'field list'
2025-05-11 21:45:02 [error]: Error retrieving todos: Unknown column 'deletedAt' in 'field list'
2025-05-11 21:45:02 [error]: Error retrieving todos: Unknown column 'deletedAt' in 'field list'
2025-05-11 21:45:25 [error]: Error retrieving todos: Unknown column 'deletedAt' in 'field list'
2025-05-11 21:45:38 [error]: Error retrieving todos: Unknown column 'deletedAt' in 'field list'
2025-05-11 21:45:44 [error]: Error retrieving posts: Unknown column 'deletedAt' in 'field list'
2025-05-11 21:45:44 [error]: Error retrieving posts: Unknown column 'deletedAt' in 'field list'
2025-05-11 22:49:42 [error]: Error retrieving posts: Unknown column 'deletedAt' in 'field list'
2025-05-11 22:49:43 [error]: Error retrieving posts: Unknown column 'deletedAt' in 'field list'
2025-05-11 22:59:06 [error]: Error retrieving undefined: Cannot read properties of undefined (reading 'toLowerCase')
2025-05-11 22:59:06 [error]: Error retrieving undefined: Cannot read properties of undefined (reading 'toLowerCase')
2025-05-11 22:59:13 [error]: Error retrieving undefined: Cannot read properties of undefined (reading 'toLowerCase')
2025-05-11 22:59:13 [error]: Error retrieving undefined: Cannot read properties of undefined (reading 'toLowerCase')
2025-06-11 19:14:17 [error]: Registration error: notNull Violation: User.name cannot be null,
notNull Violation: User.role cannot be null
2025-06-11 19:21:17 [error]: Registration error: notNull Violation: User.name cannot be null,
notNull Violation: User.role cannot be null
2025-06-11 19:27:29 [error]: Registration error: notNull Violation: User.name cannot be null,
notNull Violation: User.role cannot be null
2025-06-12 18:37:15 [error]: Registration error: notNull Violation: User.name cannot be null,
notNull Violation: User.role cannot be null
2025-06-12 18:38:16 [error]: Registration error: notNull Violation: User.name cannot be null,
notNull Violation: User.role cannot be null
2025-06-12 18:38:31 [error]: Registration error: notNull Violation: User.name cannot be null,
notNull Violation: User.role cannot be null
2025-06-12 18:46:28 [error]: Registration error: Unknown column 'userName' in 'field list'
2025-06-12 18:51:54 [error]: Registration error: Unknown column 'userName' in 'field list'
2025-06-12 19:04:38 [error]: Registration error: Unknown column 'userName' in 'field list'
2025-06-12 19:16:44 [error]: Registration error: Unknown column 'userName' in 'field list'
2025-06-12 19:16:55 [error]: Registration error: Unknown column 'userName' in 'field list'
2025-06-12 19:17:38 [error]: Registration error: Unknown column 'userName' in 'field list'
2025-06-12 19:28:59 [error]: Registration error: notNull Violation: User.role cannot be null
2025-06-12 21:07:40 [error]: Login error: Unknown column 'id' in 'field list'
2025-06-12 21:08:08 [error]: Login error: Unknown column 'id' in 'field list'
2025-06-12 21:13:35 [error]: Login error: Unknown column 'id' in 'field list'
2025-06-12 21:13:59 [error]: Login error: Unknown column 'id' in 'field list'
2025-06-12 21:21:03 [error]: Login error: Unknown column 'phoneNumber' in 'field list'
2025-06-12 21:26:43 [error]: Login error: data and hash arguments required
2025-06-12 21:34:26 [error]: Login error: Unknown column 'hashedPassword' in 'field list'
